Copyright 1986-2022 Xilinx, Inc. All Rights Reserved.
------------------------------------------------------------------------------------------------------------
| Tool Version : Vivado v.2022.1 (lin64) Build 3526262 Mon Apr 18 15:47:01 MDT 2022
| Date         : Wed Sep  4 22:12:02 2024
| Host         : IPAA running 64-bit Ubuntu 20.04.6 LTS
| Command      : upgrade_project -migrate_output_products
| Project_Path : /home/mfaizan/isp_rtl/Sha256_Hw_Accelerator/Sha256_Hw_Accelerator/syn/top.xpr
------------------------------------------------------------------------------------------------------------

Project Status Summary

1. Project IP Status
--------------------
This project contains 0 IP and 1 Block Designs.


1.1 Project IP Instances
+-----------------------+-------------------------+-------------------------------------+-------------------------------------+
| Instance Name         | Status                  | Reason                              | Recommendation                      |
+-----------------------+-------------------------+-------------------------------------+-------------------------------------+
| top_auto_pc_0         | Will be Migrated.       |                                     |                                     |
+-----------------------+-------------------------+-------------------------------------+-------------------------------------+
| top_ps7_0             | Will be Migrated.       |                                     |                                     |
+-----------------------+-------------------------+-------------------------------------+-------------------------------------+
| top_ps7_axi_periph_0  | Will be Migrated.       |                                     |                                     |
+-----------------------+-------------------------+-------------------------------------+-------------------------------------+
| top_rst_ps7_100M_0    | Will be Migrated.       |                                     |                                     |
+-----------------------+-------------------------+-------------------------------------+-------------------------------------+
| top_sha256_ctrl_axi_0 | Will be Migrated.       |                                     |                                     |
+-----------------------+-------------------------+-------------------------------------+-------------------------------------+


1.2 Project Block Designs
+-----+-------------------------+-------------------------------------+-------------------------------------+
| Des | Status                  | Reason                              | Recommendation                      |
| Nam |                         |                                     |                                     |
+-----+-------------------------+-------------------------------------+-------------------------------------+
| top | Will be Migrated.       |                                     |                                     |
+-----+-------------------------+-------------------------------------+-------------------------------------+



